<?xml version="1.0" encoding="UTF-8"?>
<testng-results ignored="0" total="1" passed="1" failed="0" skipped="0">
  <reporter-output>
    <line>
      <![CDATA[electronics link clicked]]>
    </line>
    <line>
      <![CDATA[Electronicsnavigate to electronics page]]>
    </line>
  </reporter-output>
  <suite started-at="2024-06-12T16:36:41 IST" name="Default suite" finished-at="2024-06-12T16:36:52 IST" duration-ms="10389">
    <groups>
    </groups>
    <test started-at="2024-06-12T16:36:41 IST" name="Default test" finished-at="2024-06-12T16:36:52 IST" duration-ms="10389">
      <class name="electronicsTest.SelectCameraTest">
        <test-method is-config="true" signature="beforeSuiteConfig()[pri:0, instance:electronicsTest.SelectCameraTest@35e2d654]" started-at="2024-06-12T16:36:41 IST" name="beforeSuiteConfig" finished-at="2024-06-12T16:36:41 IST" duration-ms="8" status="PASS">
          <reporter-output>
          </reporter-output>
        </test-method> <!-- beforeSuiteConfig -->
        <test-method is-config="true" signature="beforeClassConfig()[pri:0, instance:electronicsTest.SelectCameraTest@35e2d654]" started-at="2024-06-12T16:36:41 IST" name="beforeClassConfig" finished-at="2024-06-12T16:36:47 IST" duration-ms="5713" status="PASS">
          <reporter-output>
          </reporter-output>
        </test-method> <!-- beforeClassConfig -->
        <test-method is-config="true" signature="beforeMethodConfig()[pri:0, instance:electronicsTest.SelectCameraTest@35e2d654]" started-at="2024-06-12T16:36:47 IST" name="beforeMethodConfig" finished-at="2024-06-12T16:36:50 IST" duration-ms="2719" status="PASS">
          <reporter-output>
          </reporter-output>
        </test-method> <!-- beforeMethodConfig -->
        <test-method signature="toSelectCameraImage_001()[pri:0, instance:electronicsTest.SelectCameraTest@35e2d654]" started-at="2024-06-12T16:36:50 IST" name="toSelectCameraImage_001" finished-at="2024-06-12T16:36:51 IST" duration-ms="1587" status="PASS">
          <reporter-output>
            <line>
              <![CDATA[electronics link clicked]]>
            </line>
            <line>
              <![CDATA[Electronicsnavigate to electronics page]]>
            </line>
          </reporter-output>
        </test-method> <!-- toSelectCameraImage_001 -->
        <test-method is-config="true" signature="afterMethodConfig()[pri:0, instance:electronicsTest.SelectCameraTest@35e2d654]" started-at="2024-06-12T16:36:51 IST" name="afterMethodConfig" finished-at="2024-06-12T16:36:51 IST" duration-ms="2" status="PASS">
          <reporter-output>
          </reporter-output>
        </test-method> <!-- afterMethodConfig -->
        <test-method is-config="true" signature="afterClassConfig()[pri:0, instance:electronicsTest.SelectCameraTest@35e2d654]" started-at="2024-06-12T16:36:51 IST" name="afterClassConfig" finished-at="2024-06-12T16:36:52 IST" duration-ms="323" status="PASS">
          <reporter-output>
          </reporter-output>
        </test-method> <!-- afterClassConfig -->
        <test-method is-config="true" signature="afterSuiteConfig()[pri:0, instance:electronicsTest.SelectCameraTest@35e2d654]" started-at="2024-06-12T16:36:52 IST" name="afterSuiteConfig" finished-at="2024-06-12T16:36:52 IST" duration-ms="1" status="PASS">
          <reporter-output>
          </reporter-output>
        </test-method> <!-- afterSuiteConfig -->
      </class> <!-- electronicsTest.SelectCameraTest -->
    </test> <!-- Default test -->
  </suite> <!-- Default suite -->
</testng-results>
